<?xml version="1.0" encoding="UTF-8"?>
<!-- Generated by org.testng.reporters.JUnitReportReporter -->
<testsuite hostname="s-PC" name="com.testingMeven.myTestMaven.tetMevan" tests="1" failures="0" timestamp="14 Feb 2016 08:33:44 GMT" time="30.970" errors="0">
  <testcase name="testtwo" time="30.970" classname="com.testingMeven.myTestMaven.tetMevan"/>
</testsuite> <!-- com.testingMeven.myTestMaven.tetMevan -->
