<?xml version="1.0" encoding="UTF-8"?>
<!-- Generated by org.testng.reporters.JUnitReportReporter -->
<testsuite hostname="s-PC" name="com.testingMeven.myTestMaven.App" tests="1" failures="0" timestamp="14 Feb 2016 08:33:44 GMT" time="0.000" errors="0">
  <testcase name="testjava" time="0.000" classname="com.testingMeven.myTestMaven.App"/>
</testsuite> <!-- com.testingMeven.myTestMaven.App -->
