<?xml version="1.0" encoding="UTF-8"?>
<!-- Generated by org.testng.reporters.JUnitReportReporter -->
<testsuite hostname="s-PC" name="com.testingMeven.myTestMaven.myclass" tests="1" failures="0" timestamp="14 Feb 2016 08:33:44 GMT" time="18.105" errors="0">
  <testcase name="TestMyMaven" time="18.105" classname="com.testingMeven.myTestMaven.myclass"/>
</testsuite> <!-- com.testingMeven.myTestMaven.myclass -->
